        -:    0:Source:/home/vane/CLionProjects/Algo1/Labo06-CLion/src/puntaje.cpp
        -:    0:Graph:/home/vane/CLionProjects/Algo1/Labo06-CLion/cmake-build-debug/CMakeFiles/Labo-testing.dir/src/puntaje.cpp.gcno
        -:    0:Data:/home/vane/CLionProjects/Algo1/Labo06-CLion/cmake-build-debug/CMakeFiles/Labo-testing.dir/src/puntaje.cpp.gcda
        -:    0:Runs:1
        -:    0:Programs:1
    #####:    1:int puntaje(int b) {
    $$$$$:    1-block  0
        -:    2:	int res;
    #####:    3:	if (b < 10) {
    $$$$$:    3-block  0
    #####:    4:		res = 2 * b;
    $$$$$:    4-block  0
        -:    5:	} else {
    #####:    6:		res = b;
    $$$$$:    6-block  0
        -:    7:	}
    #####:    8:	if (b % 3 == 0) {
    $$$$$:    8-block  0
    #####:    9:		res = res + 10;
    $$$$$:    9-block  0
        -:   10:	} else {
    #####:   11:		res = res - 10;
    $$$$$:   11-block  0
        -:   12:	}
    #####:   13:	return res;
    $$$$$:   13-block  0
        -:   14:}
