        -:    0:Source:/home/vane/CLionProjects/Algo1/Labo06-CLion/src/rotar.cpp
        -:    0:Graph:/home/vane/CLionProjects/Algo1/Labo06-CLion/cmake-build-debug/CMakeFiles/Labo-testing.dir/src/rotar.cpp.gcno
        -:    0:Data:/home/vane/CLionProjects/Algo1/Labo06-CLion/cmake-build-debug/CMakeFiles/Labo-testing.dir/src/rotar.cpp.gcda
        -:    0:Runs:1
        -:    0:Programs:1
        -:    1:#include "rotar.h"
        -:    2:
    #####:    3:vector<int> rotar(vector<int> v, int k){
    $$$$$:    3-block  0
    #####:    4:    vector<int> res;
    $$$$$:    4-block  0
    #####:    5:    return res;
        -:    6:    // Borrar el return dummy y completar
        -:    7:
        -:    8:}
